<?xml version="1.0" encoding="UTF-8"?>
<testsuite name="me.shinsunyoung.springbootdeveloper.controller.config.jwt.TokenProviderTest" tests="5" skipped="0" failures="0" errors="0" timestamp="2024-09-09T09:50:31" hostname="NT-2023-02" time="0.477">
  <properties/>
  <testcase name="validToken() : 유효한 토큰인 때에 유효성 검증에 성공한다." classname="me.shinsunyoung.springbootdeveloper.controller.config.jwt.TokenProviderTest" time="0.401"/>
  <testcase name="validToken(): 만료된 토큰인 때에 유효성 검증에 실패한다." classname="me.shinsunyoung.springbootdeveloper.controller.config.jwt.TokenProviderTest" time="0.005"/>
  <testcase name="getAuthentication() : 토큰 기반으로 인증 정보를 가져올 수 있다." classname="me.shinsunyoung.springbootdeveloper.controller.config.jwt.TokenProviderTest" time="0.005"/>
  <testcase name="getUserId() : 토큰으로 유저 ID를 가져올 수 있다." classname="me.shinsunyoung.springbootdeveloper.controller.config.jwt.TokenProviderTest" time="0.006"/>
  <testcase name="generateToken() : 유저 정보와 만료 기간을 전달해 토큰을 만들 수 있다." classname="me.shinsunyoung.springbootdeveloper.controller.config.jwt.TokenProviderTest" time="0.056"/>
  <system-out><![CDATA[18:50:28.476 [Test worker] INFO org.springframework.test.context.support.AnnotationConfigContextLoaderUtils -- Could not detect default configuration classes for test class [me.shinsunyoung.springbootdeveloper.controller.config.jwt.TokenProviderTest]: TokenProviderTest does not declare any static, non-private, non-final, nested classes annotated with @Configuration.
18:50:28.579 [Test worker] INFO org.springframework.boot.test.context.SpringBootTestContextBootstrapper -- Found @SpringBootConfiguration me.shinsunyoung.springbootdeveloper.SpringBootDeveloperApplication for test class me.shinsunyoung.springbootdeveloper.controller.config.jwt.TokenProviderTest

  .   ____          _            __ _ _
 /\\ / ___'_ __ _ _(_)_ __  __ _ \ \ \ \
( ( )\___ | '_ | '_| | '_ \/ _` | \ \ \ \
 \\/  ___)| |_)| | | | | || (_| |  ) ) ) )
  '  |____| .__|_| |_|_| |_\__, | / / / /
 =========|_|==============|___/=/_/_/_/
 :: Spring Boot ::                (v3.2.0)

2024-09-09T18:50:28.816+09:00  INFO 24416 --- [    Test worker] m.s.s.c.config.jwt.TokenProviderTest     : Starting TokenProviderTest using Java 17.0.12 with PID 24416 (started by mkkang in D:\01. Development\00. DongbuLED\springboot-developer-2rd)
2024-09-09T18:50:28.817+09:00  INFO 24416 --- [    Test worker] m.s.s.c.config.jwt.TokenProviderTest     : No active profile set, falling back to 1 default profile: "default"
2024-09-09T18:50:29.238+09:00  INFO 24416 --- [    Test worker] .s.d.r.c.RepositoryConfigurationDelegate : Bootstrapping Spring Data JPA repositories in DEFAULT mode.
2024-09-09T18:50:29.272+09:00  INFO 24416 --- [    Test worker] .s.d.r.c.RepositoryConfigurationDelegate : Finished Spring Data repository scanning in 29 ms. Found 2 JPA repository interfaces.
2024-09-09T18:50:29.573+09:00  INFO 24416 --- [    Test worker] com.zaxxer.hikari.HikariDataSource       : HikariPool-1 - Starting...
2024-09-09T18:50:29.676+09:00  INFO 24416 --- [    Test worker] com.zaxxer.hikari.pool.HikariPool        : HikariPool-1 - Added connection conn0: url=jdbc:h2:mem:testdb user=SA
2024-09-09T18:50:29.676+09:00  INFO 24416 --- [    Test worker] com.zaxxer.hikari.HikariDataSource       : HikariPool-1 - Start completed.
2024-09-09T18:50:29.722+09:00  INFO 24416 --- [    Test worker] o.hibernate.jpa.internal.util.LogHelper  : HHH000204: Processing PersistenceUnitInfo [name: default]
2024-09-09T18:50:29.765+09:00  INFO 24416 --- [    Test worker] org.hibernate.Version                    : HHH000412: Hibernate ORM core version 6.3.1.Final
2024-09-09T18:50:29.791+09:00  INFO 24416 --- [    Test worker] o.h.c.internal.RegionFactoryInitiator    : HHH000026: Second-level cache disabled
2024-09-09T18:50:29.945+09:00  INFO 24416 --- [    Test worker] o.s.o.j.p.SpringPersistenceUnitInfo      : No LoadTimeWeaver setup: ignoring JPA class transformer
2024-09-09T18:50:30.482+09:00  INFO 24416 --- [    Test worker] o.h.e.t.j.p.i.JtaPlatformInitiator       : HHH000489: No JTA platform available (set 'hibernate.transaction.jta.platform' to enable JTA platform integration)
Hibernate: 
    drop table if exists article cascade 
Hibernate: 
    drop table if exists users cascade 
Hibernate: 
    create table article (
        created_at timestamp(6),
        id bigint generated by default as identity,
        updated_at timestamp(6),
        content varchar(255) not null,
        title varchar(255) not null,
        primary key (id)
    )
Hibernate: 
    create table users (
        id bigint generated by default as identity,
        email varchar(255) not null unique,
        password varchar(255),
        primary key (id)
    )
2024-09-09T18:50:30.511+09:00  INFO 24416 --- [    Test worker] j.LocalContainerEntityManagerFactoryBean : Initialized JPA EntityManagerFactory for persistence unit 'default'
2024-09-09T18:50:30.838+09:00  WARN 24416 --- [    Test worker] JpaBaseConfiguration$JpaWebConfiguration : spring.jpa.open-in-view is enabled by default. Therefore, database queries may be performed during view rendering. Explicitly configure spring.jpa.open-in-view to disable this warning
2024-09-09T18:50:31.206+09:00  INFO 24416 --- [    Test worker] o.s.s.web.DefaultSecurityFilterChain     : Will secure any request with [org.springframework.security.web.session.DisableEncodeUrlFilter@5319e4fc, org.springframework.security.web.context.request.async.WebAsyncManagerIntegrationFilter@3b48361e, org.springframework.security.web.context.SecurityContextHolderFilter@2db4a84a, org.springframework.security.web.header.HeaderWriterFilter@3829306d, org.springframework.web.filter.CorsFilter@44b82007, org.springframework.security.web.authentication.logout.LogoutFilter@4cc28ad0, org.springframework.security.web.authentication.UsernamePasswordAuthenticationFilter@3f473daf, org.springframework.security.web.savedrequest.RequestCacheAwareFilter@b867869, org.springframework.security.web.servletapi.SecurityContextHolderAwareRequestFilter@7b6b8cea, org.springframework.security.web.authentication.AnonymousAuthenticationFilter@5ae22651, org.springframework.security.web.access.ExceptionTranslationFilter@ab5dde4, org.springframework.security.web.access.intercept.FilterSecurityInterceptor@2ae0eb98]
2024-09-09T18:50:31.209+09:00  WARN 24416 --- [    Test worker] o.s.s.c.a.web.builders.WebSecurity       : You are asking Spring Security to ignore org.springframework.boot.autoconfigure.security.servlet.PathRequest$H2ConsoleRequestMatcher@542c6165. This is not recommended -- please use permitAll via HttpSecurity#authorizeHttpRequests instead.
2024-09-09T18:50:31.209+09:00  INFO 24416 --- [    Test worker] o.s.s.web.DefaultSecurityFilterChain     : Will not secure org.springframework.boot.autoconfigure.security.servlet.PathRequest$H2ConsoleRequestMatcher@542c6165
2024-09-09T18:50:31.211+09:00  WARN 24416 --- [    Test worker] o.s.s.c.a.web.builders.WebSecurity       : You are asking Spring Security to ignore Ant [pattern='/static/**']. This is not recommended -- please use permitAll via HttpSecurity#authorizeHttpRequests instead.
2024-09-09T18:50:31.211+09:00  INFO 24416 --- [    Test worker] o.s.s.web.DefaultSecurityFilterChain     : Will not secure Ant [pattern='/static/**']
2024-09-09T18:50:31.417+09:00  INFO 24416 --- [    Test worker] o.s.b.a.h2.H2ConsoleAutoConfiguration    : H2 console available at '/h2-console'. Database available at 'jdbc:h2:mem:testdb'
2024-09-09T18:50:31.478+09:00  INFO 24416 --- [    Test worker] m.s.s.c.config.jwt.TokenProviderTest     : Started TokenProviderTest in 2.806 seconds (process running for 3.562)
Hibernate: 
    insert 
    into
        users
        (email, password, id) 
    values
        (?, ?, default)
]]></system-out>
  <system-err><![CDATA[]]></system-err>
</testsuite>
